<?xml version="1.0" encoding="UTF-8"?>
<testng-results skipped="0" failed="1" total="1" passed="0">
  <reporter-output>
  </reporter-output>
  <suite name="Default suite" duration-ms="79" started-at="2013-09-11T01:57:02Z" finished-at="2013-09-11T01:57:02Z">
    <groups>
    </groups>
    <test name="Default test" duration-ms="79" started-at="2013-09-11T01:57:02Z" finished-at="2013-09-11T01:57:02Z">
      <class name="Demo.DemoDashboardTest">
        <test-method status="FAIL" signature="testLinks()[pri:0, instance:Demo.DemoDashboardTest@7fe219e7]" name="testLinks" duration-ms="65" started-at="2013-09-10T18:57:02Z" finished-at="2013-09-10T18:57:02Z">
          <exception class="java.lang.IllegalStateException">
            <message>
              <![CDATA[The driver executable does not exist: C:\opt\Libraries\chromedriver]]>
            </message>
            <full-stacktrace>
              <![CDATA[java.lang.IllegalStateException: The driver executable does not exist: C:\opt\Libraries\chromedriver
	at com.google.common.base.Preconditions.checkState(Preconditions.java:176)
	at org.openqa.selenium.remote.service.DriverService.checkExecutable(DriverService.java:117)
	at org.openqa.selenium.remote.service.DriverService.findExecutable(DriverService.java:112)
	at org.openqa.selenium.chrome.ChromeDriverService.createDefaultService(ChromeDriverService.java:75)
	at org.openqa.selenium.chrome.ChromeDriver.<init>(ChromeDriver.java:107)
	at Demo.DemoDashboard.testLinks(DemoDashboard.java:24)
	at Demo.DemoDashboardTest.testLinks(DemoDashboardTest.java:10)
	at sun.reflect.NativeMethodAccessorImpl.invoke0(Native Method)
	at sun.reflect.NativeMethodAccessorImpl.invoke(Unknown Source)
	at sun.reflect.DelegatingMethodAccessorImpl.invoke(Unknown Source)
	at java.lang.reflect.Method.invoke(Unknown Source)
	at org.testng.internal.MethodInvocationHelper.invokeMethod(MethodInvocationHelper.java:84)
	at org.testng.internal.Invoker.invokeMethod(Invoker.java:714)
	at org.testng.internal.Invoker.invokeTestMethod(Invoker.java:901)
	at org.testng.internal.Invoker.invokeTestMethods(Invoker.java:1231)
	at org.testng.internal.TestMethodWorker.invokeTestMethods(TestMethodWorker.java:127)
	at org.testng.internal.TestMethodWorker.run(TestMethodWorker.java:111)
	at org.testng.TestRunner.privateRun(TestRunner.java:767)
	at org.testng.TestRunner.run(TestRunner.java:617)
	at org.testng.SuiteRunner.runTest(SuiteRunner.java:335)
	at org.testng.SuiteRunner.runSequentially(SuiteRunner.java:330)
	at org.testng.SuiteRunner.privateRun(SuiteRunner.java:291)
	at org.testng.SuiteRunner.run(SuiteRunner.java:240)
	at org.testng.SuiteRunnerWorker.runSuite(SuiteRunnerWorker.java:52)
	at org.testng.SuiteRunnerWorker.run(SuiteRunnerWorker.java:86)
	at org.testng.TestNG.runSuitesSequentially(TestNG.java:1224)
	at org.testng.TestNG.runSuitesLocally(TestNG.java:1149)
	at org.testng.TestNG.run(TestNG.java:1057)
	at org.testng.remote.RemoteTestNG.run(RemoteTestNG.java:111)
	at org.testng.remote.RemoteTestNG.initAndRun(RemoteTestNG.java:204)
	at org.testng.remote.RemoteTestNG.main(RemoteTestNG.java:175)
]]>
            </full-stacktrace>
          </exception> <!-- java.lang.IllegalStateException -->
          <reporter-output>
          </reporter-output>
        </test-method> <!-- testLinks -->
      </class> <!-- Demo.DemoDashboardTest -->
    </test> <!-- Default test -->
  </suite> <!-- Default suite -->
</testng-results>
